2025-04-11 00:26:00,247 - INFO - Logger set up successfully!
2025-04-11 00:26:00,247 - INFO - 🏁 Pipeline started...
2025-04-11 00:26:00,247 - INFO - 📥 Downloading latest UK Gov CSV...
2025-04-11 00:26:03,247 - ERROR - ❌ Pipeline failed: CSV download link not found on the page.

Traceback (most recent call last):
  File "/home/shayon/Documents/web/sponsor-reach/main.py", line 25, in main
    csv_path = download_latest_csv()
  File "/home/shayon/Documents/web/sponsor-reach/extraction/fetch_csv.py", line 58, in download_latest_csv
    csv_url = get_csv_download_link()
  File "/home/shayon/Documents/web/sponsor-reach/extraction/fetch_csv.py", line 38, in get_csv_download_link
    raise Exception("CSV download link not found on the page.")
Exception: CSV download link not found on the page.

2025-04-11 00:26:17,315 - INFO - Logger set up successfully!
2025-04-11 00:26:17,315 - INFO - 🏁 Pipeline started...
2025-04-11 00:26:17,315 - INFO - 📥 Downloading latest UK Gov CSV...
2025-04-11 00:26:20,151 - ERROR - ❌ Pipeline failed: CSV download link not found on the page.

Traceback (most recent call last):
  File "/home/shayon/Documents/web/sponsor-reach/main.py", line 25, in main
    csv_path = download_latest_csv()
  File "/home/shayon/Documents/web/sponsor-reach/extraction/fetch_csv.py", line 58, in download_latest_csv
    csv_url = get_csv_download_link()
  File "/home/shayon/Documents/web/sponsor-reach/extraction/fetch_csv.py", line 38, in get_csv_download_link
    raise Exception("CSV download link not found on the page.")
Exception: CSV download link not found on the page.

2025-04-11 00:27:02,075 - INFO - Logger set up successfully!
2025-04-11 00:27:02,075 - INFO - 🏁 Pipeline started...
2025-04-11 00:27:02,075 - INFO - 📥 Downloading latest UK Gov CSV...
2025-04-11 19:09:26,111 - INFO - Logger set up successfully!
2025-04-11 19:09:26,111 - INFO - 🏁 Pipeline started...
2025-04-11 19:09:26,111 - INFO - 📥 Downloading latest UK Gov CSV...
2025-04-12 00:24:58,491 - INFO - Logger set up successfully!
2025-04-12 00:24:58,491 - INFO - 🏁 Pipeline started...
2025-04-12 00:24:58,492 - INFO - 📥 Downloading latest UK Gov CSV...
2025-04-12 00:28:47,194 - INFO - Logger set up successfully!
2025-04-12 00:28:47,194 - INFO - 🏁 Pipeline started...
2025-04-12 00:28:47,194 - INFO - 📥 Downloading latest UK Gov CSV...
2025-04-12 00:29:14,958 - ERROR - ❌ Pipeline failed: Invalid URL 'None': No scheme supplied. Perhaps you meant https://None?

Traceback (most recent call last):
  File "main.py", line 28, in main
    csv_path = download_latest_csv()
  File "/home/shayon/Documents/web/sponsor-reach/extraction/fetch_csv.py", line 59, in download_latest_csv
    csv_url = get_csv_download_link()
  File "/home/shayon/Documents/web/sponsor-reach/extraction/fetch_csv.py", line 20, in get_csv_download_link
    response = requests.get(page_url, timeout=10)
  File "/home/shayon/Documents/web/sponsor-reach/.venv/lib64/python3.13/site-packages/requests/api.py", line 73, in get
    return request("get", url, params=params, **kwargs)
  File "/home/shayon/Documents/web/sponsor-reach/.venv/lib64/python3.13/site-packages/requests/api.py", line 59, in request
    return session.request(method=method, url=url, **kwargs)
           ~~~~~~~~~~~~~~~^^^^^^^^^^^^^^^^^^^^^^^^^^^^^^^^^^
  File "/home/shayon/Documents/web/sponsor-reach/.venv/lib64/python3.13/site-packages/requests/sessions.py", line 575, in request
    prep = self.prepare_request(req)
  File "/home/shayon/Documents/web/sponsor-reach/.venv/lib64/python3.13/site-packages/requests/sessions.py", line 484, in prepare_request
    p.prepare(
    ~~~~~~~~~^
        method=request.method.upper(),
        ^^^^^^^^^^^^^^^^^^^^^^^^^^^^^^
    ...<10 lines>...
        hooks=merge_hooks(request.hooks, self.hooks),
        ^^^^^^^^^^^^^^^^^^^^^^^^^^^^^^^^^^^^^^^^^^^^^
    )
    ^
  File "/home/shayon/Documents/web/sponsor-reach/.venv/lib64/python3.13/site-packages/requests/models.py", line 367, in prepare
    self.prepare_url(url, params)
    ~~~~~~~~~~~~~~~~^^^^^^^^^^^^^
  File "/home/shayon/Documents/web/sponsor-reach/.venv/lib64/python3.13/site-packages/requests/models.py", line 438, in prepare_url
    raise MissingSchema(
    ...<2 lines>...
    )
requests.exceptions.MissingSchema: Invalid URL 'None': No scheme supplied. Perhaps you meant https://None?

2025-04-12 00:29:50,365 - INFO - Logger set up successfully!
2025-04-12 00:29:50,365 - INFO - 🏁 Pipeline started...
2025-04-12 00:29:50,365 - INFO - 📥 Downloading latest UK Gov CSV...
2025-04-12 00:42:40,016 - INFO - Logger set up successfully!
2025-04-12 00:42:40,016 - INFO - 🏁 Pipeline started...
2025-04-12 00:42:40,017 - INFO - 📥 Downloading latest UK Gov CSV...
2025-04-12 00:46:04,409 - INFO - Logger set up successfully!
2025-04-12 00:46:04,409 - INFO - 🏁 Pipeline started...
2025-04-12 00:46:04,409 - INFO - 📥 Downloading latest UK Gov CSV...
2025-04-12 00:47:21,814 - INFO - Logger set up successfully!
2025-04-12 00:47:21,815 - INFO - 🏁 Pipeline started...
2025-04-12 00:47:21,815 - INFO - 📥 Downloading latest UK Gov CSV...
2025-04-12 00:51:41,867 - INFO - Logger set up successfully!
2025-04-12 00:51:41,867 - INFO - 🏁 Pipeline started...
2025-04-12 00:51:41,867 - INFO - 📥 Downloading latest UK Gov CSV...
2025-04-12 00:52:03,893 - INFO - 🔍 Comparing CSVs to find new entries...
2025-04-12 00:52:27,505 - ERROR - ❌ Pipeline failed: No CSV file from yesterday found in the archive.

Traceback (most recent call last):
  File "main.py", line 37, in main
    new_sponsors = get_new_sponsors(csv_path)
  File "/home/shayon/Documents/web/sponsor-reach/extraction/compare_csv.py", line 39, in get_new_sponsors
    previous_csv_path = get_yesterday_file(archive_dir)
  File "/home/shayon/Documents/web/sponsor-reach/extraction/compare_csv.py", line 26, in get_yesterday_file
    raise FileNotFoundError("No CSV file from yesterday found in the archive.")
FileNotFoundError: No CSV file from yesterday found in the archive.

2025-04-12 00:52:43,627 - INFO - Logger set up successfully!
2025-04-12 00:52:43,628 - INFO - 🏁 Pipeline started...
2025-04-12 00:52:43,628 - INFO - 📥 Downloading latest UK Gov CSV...
2025-04-12 00:52:51,846 - INFO - 🔍 Comparing CSVs to find new entries...
2025-04-12 00:53:55,074 - INFO - Logger set up successfully!
2025-04-12 00:53:55,074 - INFO - 🏁 Pipeline started...
2025-04-12 00:53:55,074 - INFO - 📥 Downloading latest UK Gov CSV...
2025-04-12 00:53:57,824 - INFO - 🔍 Comparing CSVs to find new entries...
2025-04-12 00:54:09,509 - ERROR - ❌ Pipeline failed: No CSV file from yesterday found in the archive.

Traceback (most recent call last):
  File "main.py", line 37, in main
    new_sponsors = get_new_sponsors(csv_path)
  File "/home/shayon/Documents/web/sponsor-reach/extraction/compare_csv.py", line 39, in get_new_sponsors
    previous_csv_path = get_yesterday_file(archive_dir)
  File "/home/shayon/Documents/web/sponsor-reach/extraction/compare_csv.py", line 26, in get_yesterday_file
    raise FileNotFoundError("No CSV file from yesterday found in the archive.")
FileNotFoundError: No CSV file from yesterday found in the archive.

2025-04-12 00:57:00,613 - INFO - Logger set up successfully!
2025-04-12 00:57:00,613 - INFO - 🏁 Pipeline started...
2025-04-12 00:57:00,613 - INFO - 📥 Downloading latest UK Gov CSV...
2025-04-12 00:57:05,295 - INFO - 🔍 Comparing CSVs to find new entries...
2025-04-12 00:57:15,476 - ERROR - ❌ Pipeline failed: 'Licence Number'

Traceback (most recent call last):
  File "/home/shayon/Documents/web/sponsor-reach/.venv/lib64/python3.13/site-packages/pandas/core/indexes/base.py", line 3805, in get_loc
    return self._engine.get_loc(casted_key)
           ~~~~~~~~~~~~~~~~~~~~^^^^^^^^^^^^
  File "index.pyx", line 167, in pandas._libs.index.IndexEngine.get_loc
  File "index.pyx", line 196, in pandas._libs.index.IndexEngine.get_loc
  File "pandas/_libs/hashtable_class_helper.pxi", line 7081, in pandas._libs.hashtable.PyObjectHashTable.get_item
  File "pandas/_libs/hashtable_class_helper.pxi", line 7089, in pandas._libs.hashtable.PyObjectHashTable.get_item
KeyError: 'Licence Number'

The above exception was the direct cause of the following exception:

Traceback (most recent call last):
  File "main.py", line 37, in main
    new_sponsors = get_new_sponsors(csv_path)
  File "/home/shayon/Documents/web/sponsor-reach/extraction/compare_csv.py", line 43, in get_new_sponsors
    latest_set = set(df_latest['Licence Number'].astype(str))
                     ~~~~~~~~~^^^^^^^^^^^^^^^^^^
  File "/home/shayon/Documents/web/sponsor-reach/.venv/lib64/python3.13/site-packages/pandas/core/frame.py", line 4102, in __getitem__
    indexer = self.columns.get_loc(key)
  File "/home/shayon/Documents/web/sponsor-reach/.venv/lib64/python3.13/site-packages/pandas/core/indexes/base.py", line 3812, in get_loc
    raise KeyError(key) from err
KeyError: 'Licence Number'

2025-04-12 01:02:19,270 - INFO - Logger set up successfully!
2025-04-12 01:02:19,270 - INFO - 🏁 Pipeline started...
2025-04-12 01:02:19,270 - INFO - 📥 Downloading latest UK Gov CSV...
2025-04-12 01:02:24,345 - INFO - 🔍 Comparing CSVs to find new entries...
2025-04-12 01:07:03,255 - INFO - Logger set up successfully!
2025-04-12 01:07:03,255 - INFO - 🏁 Pipeline started...
2025-04-12 01:07:03,255 - INFO - 📥 Downloading latest UK Gov CSV...
2025-04-12 01:07:07,590 - INFO - 🔍 Comparing CSVs to find new entries...
2025-04-12 01:10:45,757 - INFO - Logger set up successfully!
2025-04-12 01:10:45,758 - INFO - 🏁 Pipeline started...
2025-04-12 01:10:45,758 - INFO - 📥 Downloading latest UK Gov CSV...
2025-04-12 01:10:49,742 - INFO - 🔍 Comparing CSVs to find new entries...
2025-04-12 05:15:11,832 - INFO - Logger set up successfully!
2025-04-12 05:15:11,832 - INFO - 🏁 Pipeline started...
2025-04-12 05:15:11,832 - INFO - 📥 Downloading latest UK Gov CSV...
2025-04-12 05:15:16,910 - INFO - 🔍 Comparing CSVs to find new entries...
2025-04-12 05:16:45,247 - INFO - Logger set up successfully!
2025-04-12 05:16:45,247 - INFO - 🏁 Pipeline started...
2025-04-12 05:16:45,248 - INFO - 📥 Downloading latest UK Gov CSV...
2025-04-12 05:16:48,991 - INFO - 🔍 Comparing CSVs to find new entries...
2025-04-12 05:17:38,587 - INFO - Logger set up successfully!
2025-04-12 05:17:38,588 - INFO - 🏁 Pipeline started...
2025-04-12 05:17:38,588 - INFO - 📥 Downloading latest UK Gov CSV...
2025-04-12 05:17:43,144 - INFO - 🔍 Comparing CSVs to find new entries...
2025-04-12 05:18:24,006 - INFO - Logger set up successfully!
2025-04-12 05:18:24,006 - INFO - 🏁 Pipeline started...
2025-04-12 05:18:24,006 - INFO - 📥 Downloading latest UK Gov CSV...
2025-04-12 05:18:26,972 - INFO - 🔍 Comparing CSVs to find new entries...
2025-04-12 05:18:57,888 - INFO - Logger set up successfully!
2025-04-12 05:18:57,889 - INFO - 🏁 Pipeline started...
2025-04-12 05:18:57,889 - INFO - 📥 Downloading latest UK Gov CSV...
2025-04-12 05:19:00,518 - INFO - 🔍 Comparing CSVs to find new entries...
2025-04-12 05:24:47,981 - INFO - Logger set up successfully!
2025-04-12 05:24:47,981 - INFO - 🏁 Pipeline started...
2025-04-12 05:24:47,981 - INFO - 📥 Downloading latest UK Gov CSV...
2025-04-12 05:24:52,985 - INFO - 🔍 Comparing CSVs to find new entries...
2025-04-12 05:25:02,940 - INFO - ⚙️ Enriching 66 new sponsor(s)...
2025-04-12 05:25:19,722 - INFO - 🔍 Starting enrichment for new sponsors...
2025-04-12 05:25:19,727 - INFO - ✅ Enriched 66 companies successfully.
2025-04-12 05:25:54,092 - INFO - Logger set up successfully!
2025-04-12 05:25:54,092 - INFO - 🏁 Pipeline started...
2025-04-12 05:25:54,092 - INFO - 📥 Downloading latest UK Gov CSV...
2025-04-12 05:25:57,052 - INFO - 🔍 Comparing CSVs to find new entries...
2025-04-12 05:26:06,512 - INFO - ⚙️ Enriching 66 new sponsor(s)...
2025-04-12 05:26:07,393 - INFO - 🔍 Starting enrichment for new sponsors...
2025-04-12 05:26:07,401 - INFO - ✅ Enriched 66 companies successfully.
2025-04-13 02:35:11,085 - INFO - Logger set up successfully!
2025-04-13 02:35:11,085 - INFO - 🏁 Pipeline started...
2025-04-13 02:35:11,085 - INFO - 📥 Downloading latest UK Gov CSV...
2025-04-13 02:35:37,593 - INFO - 🔍 Comparing CSVs to find new entries...
2025-04-13 02:35:55,973 - ERROR - ❌ Pipeline failed: No CSV file from yesterday found in the archive.

Traceback (most recent call last):
  File "main.py", line 34, in main
    new_sponsors = get_new_sponsors(csv_path)
  File "/home/shayon/Documents/web/sponsor-reach/extraction/compare_csv.py", line 38, in get_new_sponsors
    previous_csv_path = get_yesterday_file(archive_dir)
  File "/home/shayon/Documents/web/sponsor-reach/extraction/compare_csv.py", line 26, in get_yesterday_file
    raise FileNotFoundError("No CSV file from yesterday found in the archive.")
FileNotFoundError: No CSV file from yesterday found in the archive.

2025-04-13 02:37:46,035 - INFO - Logger set up successfully!
2025-04-13 02:37:46,035 - INFO - 🏁 Pipeline started...
2025-04-13 02:37:46,035 - INFO - 📥 Downloading latest UK Gov CSV...
2025-04-13 02:38:31,054 - INFO - 🔍 Comparing CSVs to find new entries...
2025-04-13 02:38:42,850 - INFO - ✅ No new sponsors found today.
2025-04-13 02:46:33,031 - INFO - Logger set up successfully!
2025-04-13 02:46:33,031 - INFO - 🏁 Pipeline started...
2025-04-13 02:46:33,031 - INFO - 📥 Downloading latest UK Gov CSV...
2025-04-13 02:46:50,328 - INFO - 🔍 Comparing CSVs to find new entries...
2025-04-13 02:46:52,995 - INFO - ✅ No new sponsors found today.
2025-04-13 02:47:25,778 - INFO - Logger set up successfully!
2025-04-13 02:47:25,779 - INFO - 🏁 Pipeline started...
2025-04-13 02:47:25,779 - INFO - 📥 Downloading latest UK Gov CSV...
2025-04-13 02:47:25,779 - INFO - 🔍 Comparing CSVs to find new entries...
2025-04-13 02:48:04,124 - ERROR - ❌ Pipeline failed: No CSV file from yesterday found in the archive.

Traceback (most recent call last):
  File "main.py", line 34, in main
    new_sponsors = get_new_sponsors(csv_path)
  File "/home/shayon/Documents/web/sponsor-reach/extraction/compare_csv.py", line 38, in get_new_sponsors
    previous_csv_path = get_yesterday_file(archive_dir)
  File "/home/shayon/Documents/web/sponsor-reach/extraction/compare_csv.py", line 26, in get_yesterday_file
    raise FileNotFoundError("No CSV file from yesterday found in the archive.")
FileNotFoundError: No CSV file from yesterday found in the archive.

2025-04-13 02:50:38,133 - INFO - Logger set up successfully!
2025-04-13 02:50:38,133 - INFO - 🏁 Pipeline started...
2025-04-13 02:50:38,133 - INFO - 📥 Downloading latest UK Gov CSV...
2025-04-13 02:50:38,134 - INFO - 🔍 Comparing CSVs to find new entries...
2025-04-13 02:56:11,399 - INFO - Logger set up successfully!
2025-04-13 02:56:11,399 - INFO - 🏁 Pipeline started...
2025-04-13 02:56:11,399 - INFO - 📥 Downloading latest UK Gov CSV...
2025-04-13 02:56:11,399 - INFO - 🔍 Comparing CSVs to find new entries...
2025-04-13 03:00:50,276 - INFO - Logger set up successfully!
2025-04-13 03:00:50,276 - INFO - 🏁 Pipeline started...
2025-04-13 03:00:50,276 - INFO - 📥 Downloading latest UK Gov CSV...
2025-04-13 03:00:50,276 - INFO - 🔍 Comparing CSVs to find new entries...
2025-04-13 03:01:17,718 - INFO - Logger set up successfully!
2025-04-13 03:01:17,718 - INFO - 🏁 Pipeline started...
2025-04-13 03:01:17,718 - INFO - 📥 Downloading latest UK Gov CSV...
2025-04-13 03:01:17,718 - INFO - 🔍 Comparing CSVs to find new entries...
2025-04-13 03:02:07,706 - ERROR - ❌ Pipeline failed: No columns to parse from file

Traceback (most recent call last):
  File "main.py", line 34, in main
    new_sponsors = get_new_sponsors(csv_path)
  File "/home/shayon/Documents/web/sponsor-reach/extraction/compare_csv.py", line 81, in get_new_sponsors
    df_previous = pd.read_csv(previous_csv_path)
  File "/home/shayon/Documents/web/sponsor-reach/.venv/lib64/python3.13/site-packages/pandas/io/parsers/readers.py", line 1026, in read_csv
    return _read(filepath_or_buffer, kwds)
  File "/home/shayon/Documents/web/sponsor-reach/.venv/lib64/python3.13/site-packages/pandas/io/parsers/readers.py", line 620, in _read
    parser = TextFileReader(filepath_or_buffer, **kwds)
  File "/home/shayon/Documents/web/sponsor-reach/.venv/lib64/python3.13/site-packages/pandas/io/parsers/readers.py", line 1620, in __init__
    self._engine = self._make_engine(f, self.engine)
                   ~~~~~~~~~~~~~~~~~^^^^^^^^^^^^^^^^
  File "/home/shayon/Documents/web/sponsor-reach/.venv/lib64/python3.13/site-packages/pandas/io/parsers/readers.py", line 1898, in _make_engine
    return mapping[engine](f, **self.options)
           ~~~~~~~~~~~~~~~^^^^^^^^^^^^^^^^^^^
  File "/home/shayon/Documents/web/sponsor-reach/.venv/lib64/python3.13/site-packages/pandas/io/parsers/c_parser_wrapper.py", line 93, in __init__
    self._reader = parsers.TextReader(src, **kwds)
                   ~~~~~~~~~~~~~~~~~~^^^^^^^^^^^^^
  File "parsers.pyx", line 581, in pandas._libs.parsers.TextReader.__cinit__
pandas.errors.EmptyDataError: No columns to parse from file

2025-04-13 03:02:58,109 - INFO - Logger set up successfully!
2025-04-13 03:02:58,109 - INFO - 🏁 Pipeline started...
2025-04-13 03:02:58,109 - INFO - 📥 Downloading latest UK Gov CSV...
2025-04-13 03:02:58,109 - INFO - 🔍 Comparing CSVs to find new entries...
2025-04-13 03:03:50,735 - ERROR - ❌ Pipeline failed: No columns to parse from file

Traceback (most recent call last):
  File "main.py", line 34, in main
    new_sponsors = get_new_sponsors(csv_path)
  File "/home/shayon/Documents/web/sponsor-reach/extraction/compare_csv.py", line 81, in get_new_sponsors
    df_previous = pd.read_csv(previous_csv_path)
  File "/home/shayon/Documents/web/sponsor-reach/.venv/lib64/python3.13/site-packages/pandas/io/parsers/readers.py", line 1026, in read_csv
    return _read(filepath_or_buffer, kwds)
  File "/home/shayon/Documents/web/sponsor-reach/.venv/lib64/python3.13/site-packages/pandas/io/parsers/readers.py", line 620, in _read
    parser = TextFileReader(filepath_or_buffer, **kwds)
  File "/home/shayon/Documents/web/sponsor-reach/.venv/lib64/python3.13/site-packages/pandas/io/parsers/readers.py", line 1620, in __init__
    self._engine = self._make_engine(f, self.engine)
                   ~~~~~~~~~~~~~~~~~^^^^^^^^^^^^^^^^
  File "/home/shayon/Documents/web/sponsor-reach/.venv/lib64/python3.13/site-packages/pandas/io/parsers/readers.py", line 1898, in _make_engine
    return mapping[engine](f, **self.options)
           ~~~~~~~~~~~~~~~^^^^^^^^^^^^^^^^^^^
  File "/home/shayon/Documents/web/sponsor-reach/.venv/lib64/python3.13/site-packages/pandas/io/parsers/c_parser_wrapper.py", line 93, in __init__
    self._reader = parsers.TextReader(src, **kwds)
                   ~~~~~~~~~~~~~~~~~~^^^^^^^^^^^^^
  File "parsers.pyx", line 581, in pandas._libs.parsers.TextReader.__cinit__
pandas.errors.EmptyDataError: No columns to parse from file

2025-04-13 03:03:56,656 - INFO - Logger set up successfully!
2025-04-13 03:03:56,656 - INFO - 🏁 Pipeline started...
2025-04-13 03:03:56,656 - INFO - 📥 Downloading latest UK Gov CSV...
2025-04-13 03:03:56,656 - INFO - 🔍 Comparing CSVs to find new entries...
2025-04-13 03:07:36,582 - INFO - Logger set up successfully!
2025-04-13 03:07:36,582 - INFO - 🏁 Pipeline started...
2025-04-13 03:07:36,582 - INFO - 📥 Downloading latest UK Gov CSV...
2025-04-13 03:07:36,582 - INFO - 🔍 Comparing CSVs to find new entries...
2025-04-13 03:08:09,526 - INFO - ⚙️ Enriching 66 new sponsor(s)...
2025-04-13 03:08:09,527 - INFO - 🔍 Starting enrichment for new sponsors...
2025-04-13 03:08:09,528 - INFO - ✅ Enriched 66 companies successfully.
2025-04-13 03:08:09,529 - INFO - 📧 Sending outreach emails...
2025-04-13 03:08:09,537 - WARNING - Skipping sponsor with no email: {'Company Name': 'A & N TRIMMINGS LIMITED', 'Route': 'Skilled Worker', 'Email': 'info@a&ntrimmingslimited.co.uk', 'LinkedIn': 'https://linkedin.com/company/a-&-n-trimmings-limited', 'Website': 'https://a&ntrimmingslimited.co.uk', 'Enriched': True}
2025-04-13 03:08:09,537 - WARNING - Skipping sponsor with no email: {'Company Name': 'ABACUS-69 HOLDINGS LIMITED', 'Route': 'Skilled Worker', 'Email': 'info@abacus-69holdingslimited.co.uk', 'LinkedIn': 'https://linkedin.com/company/abacus-69-holdings-limited', 'Website': 'https://abacus-69holdingslimited.co.uk', 'Enriched': True}
2025-04-13 03:08:09,537 - WARNING - Skipping sponsor with no email: {'Company Name': 'Adaptive Financial Consulting Ltd', 'Route': 'Global Business Mobility: Senior or Specialist Worker', 'Email': 'info@adaptivefinancialconsultingltd.co.uk', 'LinkedIn': 'https://linkedin.com/company/adaptive-financial-consulting-ltd', 'Website': 'https://adaptivefinancialconsultingltd.co.uk', 'Enriched': True}
2025-04-13 03:08:09,537 - WARNING - Skipping sponsor with no email: {'Company Name': 'Airds Hotel', 'Route': 'Skilled Worker', 'Email': 'info@airdshotel.co.uk', 'LinkedIn': 'https://linkedin.com/company/airds-hotel', 'Website': 'https://airdshotel.co.uk', 'Enriched': True}
2025-04-13 03:08:09,537 - WARNING - Skipping sponsor with no email: {'Company Name': 'ALPHA UK PROPERTIES LIMITED', 'Route': 'Skilled Worker', 'Email': 'info@alphaukpropertieslimited.co.uk', 'LinkedIn': 'https://linkedin.com/company/alpha-uk-properties-limited', 'Website': 'https://alphaukpropertieslimited.co.uk', 'Enriched': True}
2025-04-13 03:08:09,537 - WARNING - Skipping sponsor with no email: {'Company Name': 'BBF Interiors LTD', 'Route': 'Skilled Worker', 'Email': 'info@bbfinteriorsltd.co.uk', 'LinkedIn': 'https://linkedin.com/company/bbf-interiors-ltd', 'Website': 'https://bbfinteriorsltd.co.uk', 'Enriched': True}
2025-04-13 03:08:09,538 - WARNING - Skipping sponsor with no email: {'Company Name': 'Becomfy Limited', 'Route': 'Skilled Worker', 'Email': 'info@becomfylimited.co.uk', 'LinkedIn': 'https://linkedin.com/company/becomfy-limited', 'Website': 'https://becomfylimited.co.uk', 'Enriched': True}
2025-04-13 03:08:09,538 - WARNING - Skipping sponsor with no email: {'Company Name': 'Big Leap Consulting Ltd', 'Route': 'Skilled Worker', 'Email': 'info@bigleapconsultingltd.co.uk', 'LinkedIn': 'https://linkedin.com/company/big-leap-consulting-ltd', 'Website': 'https://bigleapconsultingltd.co.uk', 'Enriched': True}
2025-04-13 03:08:09,538 - WARNING - Skipping sponsor with no email: {'Company Name': 'CARE STAFF SERVICES LTD', 'Route': 'Skilled Worker', 'Email': 'info@carestaffservicesltd.co.uk', 'LinkedIn': 'https://linkedin.com/company/care-staff-services-ltd', 'Website': 'https://carestaffservicesltd.co.uk', 'Enriched': True}
2025-04-13 03:08:09,538 - WARNING - Skipping sponsor with no email: {'Company Name': 'CarUniversal LTD', 'Route': 'Skilled Worker', 'Email': 'info@caruniversalltd.co.uk', 'LinkedIn': 'https://linkedin.com/company/caruniversal-ltd', 'Website': 'https://caruniversalltd.co.uk', 'Enriched': True}
2025-04-13 03:08:09,538 - WARNING - Skipping sponsor with no email: {'Company Name': 'Ceon Machinery Control Ltd', 'Route': 'Skilled Worker', 'Email': 'info@ceonmachinerycontrolltd.co.uk', 'LinkedIn': 'https://linkedin.com/company/ceon-machinery-control-ltd', 'Website': 'https://ceonmachinerycontrolltd.co.uk', 'Enriched': True}
2025-04-13 03:08:09,538 - WARNING - Skipping sponsor with no email: {'Company Name': 'CHASE LODGE HOSPITAL LTD', 'Route': 'Skilled Worker', 'Email': 'info@chaselodgehospitalltd.co.uk', 'LinkedIn': 'https://linkedin.com/company/chase-lodge-hospital-ltd', 'Website': 'https://chaselodgehospitalltd.co.uk', 'Enriched': True}
2025-04-13 03:08:09,538 - WARNING - Skipping sponsor with no email: {'Company Name': 'Chelsfield Electrical Ltd', 'Route': 'Skilled Worker', 'Email': 'info@chelsfieldelectricalltd.co.uk', 'LinkedIn': 'https://linkedin.com/company/chelsfield-electrical-ltd', 'Website': 'https://chelsfieldelectricalltd.co.uk', 'Enriched': True}
2025-04-13 03:08:09,538 - WARNING - Skipping sponsor with no email: {'Company Name': 'CONSULTONIC PVT LTD', 'Route': 'Skilled Worker', 'Email': 'info@consultonicpvtltd.co.uk', 'LinkedIn': 'https://linkedin.com/company/consultonic-pvt-ltd', 'Website': 'https://consultonicpvtltd.co.uk', 'Enriched': True}
2025-04-13 03:08:09,538 - WARNING - Skipping sponsor with no email: {'Company Name': 'COUNTY FOOD INGREDIENTS LTD', 'Route': 'Skilled Worker', 'Email': 'info@countyfoodingredientsltd.co.uk', 'LinkedIn': 'https://linkedin.com/company/county-food-ingredients-ltd', 'Website': 'https://countyfoodingredientsltd.co.uk', 'Enriched': True}
2025-04-13 03:08:09,538 - WARNING - Skipping sponsor with no email: {'Company Name': 'Darbar Arts Culture Heritage Trust', 'Route': 'Skilled Worker', 'Email': 'info@darbarartscultureheritagetrust.co.uk', 'LinkedIn': 'https://linkedin.com/company/darbar-arts-culture-heritage-trust', 'Website': 'https://darbarartscultureheritagetrust.co.uk', 'Enriched': True}
2025-04-13 03:08:09,538 - WARNING - Skipping sponsor with no email: {'Company Name': 'Digital Innk Limited', 'Route': 'Skilled Worker', 'Email': 'info@digitalinnklimited.co.uk', 'LinkedIn': 'https://linkedin.com/company/digital-innk-limited', 'Website': 'https://digitalinnklimited.co.uk', 'Enriched': True}
2025-04-13 03:08:09,538 - WARNING - Skipping sponsor with no email: {'Company Name': 'Ek Niwas', 'Route': 'Religious Worker', 'Email': 'info@ekniwas.co.uk', 'LinkedIn': 'https://linkedin.com/company/ek-niwas', 'Website': 'https://ekniwas.co.uk', 'Enriched': True}
2025-04-13 03:08:09,538 - WARNING - Skipping sponsor with no email: {'Company Name': 'Evolution (Radlett) Ltd', 'Route': 'Skilled Worker', 'Email': 'info@evolution(radlett)ltd.co.uk', 'LinkedIn': 'https://linkedin.com/company/evolution-(radlett)-ltd', 'Website': 'https://evolution(radlett)ltd.co.uk', 'Enriched': True}
2025-04-13 03:08:09,538 - WARNING - Skipping sponsor with no email: {'Company Name': 'GREEN BIRDS CONSTRUCTION LTD', 'Route': 'Skilled Worker', 'Email': 'info@greenbirdsconstructionltd.co.uk', 'LinkedIn': 'https://linkedin.com/company/green-birds-construction-ltd', 'Website': 'https://greenbirdsconstructionltd.co.uk', 'Enriched': True}
2025-04-13 03:08:09,539 - WARNING - Skipping sponsor with no email: {'Company Name': 'Gruber Logistics (UK) Limited', 'Route': 'Skilled Worker', 'Email': 'info@gruberlogistics(uk)limited.co.uk', 'LinkedIn': 'https://linkedin.com/company/gruber-logistics-(uk)-limited', 'Website': 'https://gruberlogistics(uk)limited.co.uk', 'Enriched': True}
2025-04-13 03:08:09,539 - WARNING - Skipping sponsor with no email: {'Company Name': 'HH Productions Ltd', 'Route': 'Skilled Worker', 'Email': 'info@hhproductionsltd.co.uk', 'LinkedIn': 'https://linkedin.com/company/hh-productions-ltd', 'Website': 'https://hhproductionsltd.co.uk', 'Enriched': True}
2025-04-13 03:08:09,539 - WARNING - Skipping sponsor with no email: {'Company Name': 'invoX Belgium UK Ltd', 'Route': 'Skilled Worker', 'Email': 'info@invoxbelgiumukltd.co.uk', 'LinkedIn': 'https://linkedin.com/company/invox-belgium-uk-ltd', 'Website': 'https://invoxbelgiumukltd.co.uk', 'Enriched': True}
2025-04-13 03:08:09,539 - WARNING - Skipping sponsor with no email: {'Company Name': 'JUMO UK LTD', 'Route': 'Skilled Worker', 'Email': 'info@jumoukltd.co.uk', 'LinkedIn': 'https://linkedin.com/company/jumo-uk-ltd', 'Website': 'https://jumoukltd.co.uk', 'Enriched': True}
2025-04-13 03:08:09,539 - WARNING - Skipping sponsor with no email: {'Company Name': 'KEMSHO LTD', 'Route': 'Global Business Mobility: UK Expansion Worker', 'Email': 'info@kemsholtd.co.uk', 'LinkedIn': 'https://linkedin.com/company/kemsho-ltd', 'Website': 'https://kemsholtd.co.uk', 'Enriched': True}
2025-04-13 03:08:09,539 - WARNING - Skipping sponsor with no email: {'Company Name': 'Khnms Ltd', 'Route': 'Skilled Worker', 'Email': 'info@khnmsltd.co.uk', 'LinkedIn': 'https://linkedin.com/company/khnms-ltd', 'Website': 'https://khnmsltd.co.uk', 'Enriched': True}
2025-04-13 03:08:09,539 - WARNING - Skipping sponsor with no email: {'Company Name': 'Kokoro Hounslow Ltd', 'Route': 'Skilled Worker', 'Email': 'info@kokorohounslowltd.co.uk', 'LinkedIn': 'https://linkedin.com/company/kokoro-hounslow-ltd', 'Website': 'https://kokorohounslowltd.co.uk', 'Enriched': True}
2025-04-13 03:08:09,539 - WARNING - Skipping sponsor with no email: {'Company Name': 'KONESH & CO LTD', 'Route': 'Skilled Worker', 'Email': 'info@konesh&coltd.co.uk', 'LinkedIn': 'https://linkedin.com/company/konesh-&-co-ltd', 'Website': 'https://konesh&coltd.co.uk', 'Enriched': True}
2025-04-13 03:08:09,539 - WARNING - Skipping sponsor with no email: {'Company Name': 'LEVEL WEB LIMITED', 'Route': 'Skilled Worker', 'Email': 'info@levelweblimited.co.uk', 'LinkedIn': 'https://linkedin.com/company/level-web-limited', 'Website': 'https://levelweblimited.co.uk', 'Enriched': True}
2025-04-13 03:08:09,539 - WARNING - Skipping sponsor with no email: {'Company Name': 'LGMG MACHINERY U.K. LIMITED', 'Route': 'Global Business Mobility: Senior or Specialist Worker', 'Email': 'info@lgmgmachineryu.k.limited.co.uk', 'LinkedIn': 'https://linkedin.com/company/lgmg-machinery-u.k.-limited', 'Website': 'https://lgmgmachineryu.k.limited.co.uk', 'Enriched': True}
2025-04-13 03:08:09,539 - WARNING - Skipping sponsor with no email: {'Company Name': 'LGMG MACHINERY U.K. LIMITED', 'Route': 'Skilled Worker', 'Email': 'info@lgmgmachineryu.k.limited.co.uk', 'LinkedIn': 'https://linkedin.com/company/lgmg-machinery-u.k.-limited', 'Website': 'https://lgmgmachineryu.k.limited.co.uk', 'Enriched': True}
2025-04-13 03:08:09,539 - WARNING - Skipping sponsor with no email: {'Company Name': 'LIFESTYLE FLOORING LIMITED', 'Route': 'Skilled Worker', 'Email': 'info@lifestyleflooringlimited.co.uk', 'LinkedIn': 'https://linkedin.com/company/lifestyle-flooring-limited', 'Website': 'https://lifestyleflooringlimited.co.uk', 'Enriched': True}
2025-04-13 03:08:09,540 - WARNING - Skipping sponsor with no email: {'Company Name': 'Logix FM Ltd', 'Route': 'Skilled Worker', 'Email': 'info@logixfmltd.co.uk', 'LinkedIn': 'https://linkedin.com/company/logix-fm-ltd', 'Website': 'https://logixfmltd.co.uk', 'Enriched': True}
2025-04-13 03:08:09,540 - WARNING - Skipping sponsor with no email: {'Company Name': 'Maxvale Limited T/A Fledgelings Day Nursery', 'Route': 'Skilled Worker', 'Email': 'info@maxvalelimitedt/afledgelingsdaynursery.co.uk', 'LinkedIn': 'https://linkedin.com/company/maxvale-limited-t/a-fledgelings-day-nursery', 'Website': 'https://maxvalelimitedt/afledgelingsdaynursery.co.uk', 'Enriched': True}
2025-04-13 03:08:09,540 - WARNING - Skipping sponsor with no email: {'Company Name': 'Medefine Education Group LTD', 'Route': 'Skilled Worker', 'Email': 'info@medefineeducationgroupltd.co.uk', 'LinkedIn': 'https://linkedin.com/company/medefine-education-group-ltd', 'Website': 'https://medefineeducationgroupltd.co.uk', 'Enriched': True}
2025-04-13 03:08:09,540 - WARNING - Skipping sponsor with no email: {'Company Name': 'Mint Consulting (CRM) Ltd', 'Route': 'Skilled Worker', 'Email': 'info@mintconsulting(crm)ltd.co.uk', 'LinkedIn': 'https://linkedin.com/company/mint-consulting-(crm)-ltd', 'Website': 'https://mintconsulting(crm)ltd.co.uk', 'Enriched': True}
2025-04-13 03:08:09,540 - WARNING - Skipping sponsor with no email: {'Company Name': 'MK SUPERMARKET STORE LTD', 'Route': 'Skilled Worker', 'Email': 'info@mksupermarketstoreltd.co.uk', 'LinkedIn': 'https://linkedin.com/company/mk-supermarket-store-ltd', 'Website': 'https://mksupermarketstoreltd.co.uk', 'Enriched': True}
2025-04-13 03:08:09,540 - WARNING - Skipping sponsor with no email: {'Company Name': 'NorthRow Ltd', 'Route': 'Skilled Worker', 'Email': 'info@northrowltd.co.uk', 'LinkedIn': 'https://linkedin.com/company/northrow-ltd', 'Website': 'https://northrowltd.co.uk', 'Enriched': True}
2025-04-13 03:08:09,540 - WARNING - Skipping sponsor with no email: {'Company Name': 'NXPower (UK) Ltd t/a Cyberpower', 'Route': 'Skilled Worker', 'Email': 'info@nxpower(uk)ltdt/acyberpower.co.uk', 'LinkedIn': 'https://linkedin.com/company/nxpower-(uk)-ltd-t/a-cyberpower', 'Website': 'https://nxpower(uk)ltdt/acyberpower.co.uk', 'Enriched': True}
2025-04-13 03:08:09,540 - WARNING - Skipping sponsor with no email: {'Company Name': 'ORANGE ICE CREAM AND DESSERT PARLOUR LTD', 'Route': 'Skilled Worker', 'Email': 'info@orangeicecreamanddessertparlourltd.co.uk', 'LinkedIn': 'https://linkedin.com/company/orange-ice-cream-and-dessert-parlour-ltd', 'Website': 'https://orangeicecreamanddessertparlourltd.co.uk', 'Enriched': True}
2025-04-13 03:08:09,540 - WARNING - Skipping sponsor with no email: {'Company Name': 'PARTH SERVICES LIMITED', 'Route': 'Skilled Worker', 'Email': 'info@parthserviceslimited.co.uk', 'LinkedIn': 'https://linkedin.com/company/parth-services-limited', 'Website': 'https://parthserviceslimited.co.uk', 'Enriched': True}
2025-04-13 03:08:09,540 - WARNING - Skipping sponsor with no email: {'Company Name': 'Peter Best Trade Limited', 'Route': 'Skilled Worker', 'Email': 'info@peterbesttradelimited.co.uk', 'LinkedIn': 'https://linkedin.com/company/peter-best-trade-limited', 'Website': 'https://peterbesttradelimited.co.uk', 'Enriched': True}
2025-04-13 03:08:09,540 - WARNING - Skipping sponsor with no email: {'Company Name': 'Ramgarhia Board Northampton', 'Route': 'Religious Worker', 'Email': 'info@ramgarhiaboardnorthampton.co.uk', 'LinkedIn': 'https://linkedin.com/company/ramgarhia-board-northampton', 'Website': 'https://ramgarhiaboardnorthampton.co.uk', 'Enriched': True}
2025-04-13 03:08:09,540 - WARNING - Skipping sponsor with no email: {'Company Name': 'RISING MEDICAL TECHNOLOGIES LIMITED', 'Route': 'Skilled Worker', 'Email': 'info@risingmedicaltechnologieslimited.co.uk', 'LinkedIn': 'https://linkedin.com/company/rising-medical-technologies-limited', 'Website': 'https://risingmedicaltechnologieslimited.co.uk', 'Enriched': True}
2025-04-13 03:08:09,540 - WARNING - Skipping sponsor with no email: {'Company Name': 'SABA CAPITAL MANAGEMENT (UK) LIMITED', 'Route': 'Skilled Worker', 'Email': 'info@sabacapitalmanagement(uk)limited.co.uk', 'LinkedIn': 'https://linkedin.com/company/saba-capital-management-(uk)-limited', 'Website': 'https://sabacapitalmanagement(uk)limited.co.uk', 'Enriched': True}
2025-04-13 03:08:09,540 - WARNING - Skipping sponsor with no email: {'Company Name': 'Safari UK Bidco Limited', 'Route': 'Skilled Worker', 'Email': 'info@safariukbidcolimited.co.uk', 'LinkedIn': 'https://linkedin.com/company/safari-uk-bidco-limited', 'Website': 'https://safariukbidcolimited.co.uk', 'Enriched': True}
2025-04-13 03:08:09,541 - WARNING - Skipping sponsor with no email: {'Company Name': 'Saga Truck & Van Limited', 'Route': 'Skilled Worker', 'Email': 'info@sagatruck&vanlimited.co.uk', 'LinkedIn': 'https://linkedin.com/company/saga-truck-&-van-limited', 'Website': 'https://sagatruck&vanlimited.co.uk', 'Enriched': True}
2025-04-13 03:08:09,541 - WARNING - Skipping sponsor with no email: {'Company Name': 'SDR Care Services', 'Route': 'Skilled Worker', 'Email': 'info@sdrcareservices.co.uk', 'LinkedIn': 'https://linkedin.com/company/sdr-care-services', 'Website': 'https://sdrcareservices.co.uk', 'Enriched': True}
2025-04-13 03:08:09,541 - WARNING - Skipping sponsor with no email: {'Company Name': 'Signature Healthcare Services Limited', 'Route': 'Skilled Worker', 'Email': 'info@signaturehealthcareserviceslimited.co.uk', 'LinkedIn': 'https://linkedin.com/company/signature-healthcare-services-limited', 'Website': 'https://signaturehealthcareserviceslimited.co.uk', 'Enriched': True}
2025-04-13 03:08:09,541 - WARNING - Skipping sponsor with no email: {'Company Name': 'SK PROTECTION LIMITED', 'Route': 'Skilled Worker', 'Email': 'info@skprotectionlimited.co.uk', 'LinkedIn': 'https://linkedin.com/company/sk-protection-limited', 'Website': 'https://skprotectionlimited.co.uk', 'Enriched': True}
2025-04-13 03:08:09,541 - WARNING - Skipping sponsor with no email: {'Company Name': 'Spring Staffing Limited', 'Route': 'Skilled Worker', 'Email': 'info@springstaffinglimited.co.uk', 'LinkedIn': 'https://linkedin.com/company/spring-staffing-limited', 'Website': 'https://springstaffinglimited.co.uk', 'Enriched': True}
2025-04-13 03:08:09,541 - WARNING - Skipping sponsor with no email: {'Company Name': 'Sturrock and Robson Services Ltd', 'Route': 'Skilled Worker', 'Email': 'info@sturrockandrobsonservicesltd.co.uk', 'LinkedIn': 'https://linkedin.com/company/sturrock-and-robson-services-ltd', 'Website': 'https://sturrockandrobsonservicesltd.co.uk', 'Enriched': True}
2025-04-13 03:08:09,541 - WARNING - Skipping sponsor with no email: {'Company Name': 'Sure Thing Constructions Ltd', 'Route': 'Skilled Worker', 'Email': 'info@surethingconstructionsltd.co.uk', 'LinkedIn': 'https://linkedin.com/company/sure-thing-constructions-ltd', 'Website': 'https://surethingconstructionsltd.co.uk', 'Enriched': True}
2025-04-13 03:08:09,541 - WARNING - Skipping sponsor with no email: {'Company Name': 'Tekuchi Limited', 'Route': 'Skilled Worker', 'Email': 'info@tekuchilimited.co.uk', 'LinkedIn': 'https://linkedin.com/company/tekuchi-limited', 'Website': 'https://tekuchilimited.co.uk', 'Enriched': True}
2025-04-13 03:08:09,541 - WARNING - Skipping sponsor with no email: {'Company Name': 'THE PIZZA HOUSE PETERBOROUGH LIMITED', 'Route': 'Skilled Worker', 'Email': 'info@thepizzahousepeterboroughlimited.co.uk', 'LinkedIn': 'https://linkedin.com/company/the-pizza-house-peterborough-limited', 'Website': 'https://thepizzahousepeterboroughlimited.co.uk', 'Enriched': True}
2025-04-13 03:08:09,541 - WARNING - Skipping sponsor with no email: {'Company Name': 'TLS CARE LTD', 'Route': 'Skilled Worker', 'Email': 'info@tlscareltd.co.uk', 'LinkedIn': 'https://linkedin.com/company/tls-care-ltd', 'Website': 'https://tlscareltd.co.uk', 'Enriched': True}
2025-04-13 03:08:09,541 - WARNING - Skipping sponsor with no email: {'Company Name': 'Umada Limited t/a Heavenly Desserts Hull', 'Route': 'Skilled Worker', 'Email': 'info@umadalimitedt/aheavenlydessertshull.co.uk', 'LinkedIn': 'https://linkedin.com/company/umada-limited-t/a-heavenly-desserts-hull', 'Website': 'https://umadalimitedt/aheavenlydessertshull.co.uk', 'Enriched': True}
2025-04-13 03:08:09,541 - WARNING - Skipping sponsor with no email: {'Company Name': 'University of Lancashire', 'Route': 'Skilled Worker', 'Email': 'info@universityoflancashire.co.uk', 'LinkedIn': 'https://linkedin.com/company/university-of-lancashire', 'Website': 'https://universityoflancashire.co.uk', 'Enriched': True}
2025-04-13 03:08:09,542 - WARNING - Skipping sponsor with no email: {'Company Name': 'University of Lancashire', 'Route': 'Government Authorised Exchange', 'Email': 'info@universityoflancashire.co.uk', 'LinkedIn': 'https://linkedin.com/company/university-of-lancashire', 'Website': 'https://universityoflancashire.co.uk', 'Enriched': True}
2025-04-13 03:08:09,542 - WARNING - Skipping sponsor with no email: {'Company Name': 'windrush surgery', 'Route': 'Skilled Worker', 'Email': 'info@windrushsurgery.co.uk', 'LinkedIn': 'https://linkedin.com/company/windrush-surgery', 'Website': 'https://windrushsurgery.co.uk', 'Enriched': True}
2025-04-13 03:08:09,542 - WARNING - Skipping sponsor with no email: {'Company Name': "Wolverhampton Girls' High School", 'Route': 'Skilled Worker', 'Email': "info@wolverhamptongirls'highschool.co.uk", 'LinkedIn': "https://linkedin.com/company/wolverhampton-girls'-high-school", 'Website': "https://wolverhamptongirls'highschool.co.uk", 'Enriched': True}
2025-04-13 03:08:09,542 - WARNING - Skipping sponsor with no email: {'Company Name': 'Wren Laboratories Limited', 'Route': 'Skilled Worker', 'Email': 'info@wrenlaboratorieslimited.co.uk', 'LinkedIn': 'https://linkedin.com/company/wren-laboratories-limited', 'Website': 'https://wrenlaboratorieslimited.co.uk', 'Enriched': True}
2025-04-13 03:08:09,542 - WARNING - Skipping sponsor with no email: {'Company Name': 'Yaar Haulage Limited', 'Route': 'Skilled Worker', 'Email': 'info@yaarhaulagelimited.co.uk', 'LinkedIn': 'https://linkedin.com/company/yaar-haulage-limited', 'Website': 'https://yaarhaulagelimited.co.uk', 'Enriched': True}
2025-04-13 03:08:09,542 - WARNING - Skipping sponsor with no email: {'Company Name': 'YGF EDINBURGH LTD', 'Route': 'Skilled Worker', 'Email': 'info@ygfedinburghltd.co.uk', 'LinkedIn': 'https://linkedin.com/company/ygf-edinburgh-ltd', 'Website': 'https://ygfedinburghltd.co.uk', 'Enriched': True}
2025-04-13 03:08:09,542 - WARNING - Skipping sponsor with no email: {'Company Name': 'Yolo Group Restaurants Limited', 'Route': 'Skilled Worker', 'Email': 'info@yologrouprestaurantslimited.co.uk', 'LinkedIn': 'https://linkedin.com/company/yolo-group-restaurants-limited', 'Website': 'https://yologrouprestaurantslimited.co.uk', 'Enriched': True}
2025-04-13 03:08:09,542 - WARNING - Skipping sponsor with no email: {'Company Name': 'Zinc Network Limited', 'Route': 'Skilled Worker', 'Email': 'info@zincnetworklimited.co.uk', 'LinkedIn': 'https://linkedin.com/company/zinc-network-limited', 'Website': 'https://zincnetworklimited.co.uk', 'Enriched': True}
2025-04-13 03:08:09,542 - INFO - ✅ Outreach Summary: 0 sent, 0 failed.
2025-04-13 03:08:28,571 - INFO - Logger set up successfully!
2025-04-13 03:08:28,571 - INFO - 🏁 Pipeline started...
2025-04-13 03:08:28,571 - INFO - 📥 Downloading latest UK Gov CSV...
2025-04-13 03:08:28,572 - INFO - 🔍 Comparing CSVs to find new entries...
2025-04-13 03:08:46,461 - INFO - ⚙️ Enriching 66 new sponsor(s)...
2025-04-13 03:09:33,247 - INFO - 🔍 Starting enrichment for new sponsors...
2025-04-13 03:10:00,260 - INFO - ✅ Enriched 66 companies successfully.
2025-04-13 03:10:05,544 - INFO - 📧 Sending outreach emails...
2025-04-13 03:10:55,885 - WARNING - Skipping sponsor with no email: {'Company Name': 'A & N TRIMMINGS LIMITED', 'Route': 'Skilled Worker', 'Email': 'info@a&ntrimmingslimited.co.uk', 'LinkedIn': 'https://linkedin.com/company/a-&-n-trimmings-limited', 'Website': 'https://a&ntrimmingslimited.co.uk', 'Enriched': True}
2025-04-13 03:10:58,783 - WARNING - Skipping sponsor with no email: {'Company Name': 'ABACUS-69 HOLDINGS LIMITED', 'Route': 'Skilled Worker', 'Email': 'info@abacus-69holdingslimited.co.uk', 'LinkedIn': 'https://linkedin.com/company/abacus-69-holdings-limited', 'Website': 'https://abacus-69holdingslimited.co.uk', 'Enriched': True}
2025-04-13 03:24:57,177 - INFO - Logger set up successfully!
2025-04-13 03:24:57,177 - INFO - 🏁 Pipeline started...
2025-04-13 03:24:57,177 - INFO - 📥 Downloading latest UK Gov CSV...
2025-04-13 03:24:57,177 - INFO - 🔍 Comparing CSVs to find new entries...
2025-04-13 03:24:59,654 - INFO - ⚙️ Enriching 66 new sponsor(s)...
2025-04-13 03:24:59,654 - INFO - 🔍 Starting enrichment for new sponsors...
2025-04-13 03:25:09,047 - INFO - ✅ Enriched 66 companies successfully.
2025-04-13 03:25:14,835 - INFO - 📧 Sending outreach emails...
2025-04-13 03:26:25,682 - INFO - Logger set up successfully!
2025-04-13 03:26:25,682 - INFO - 🏁 Pipeline started...
2025-04-13 03:26:25,682 - INFO - 📥 Downloading latest UK Gov CSV...
2025-04-13 03:26:25,682 - INFO - 🔍 Comparing CSVs to find new entries...
2025-04-13 03:26:28,301 - INFO - ⚙️ Enriching 66 new sponsor(s)...
2025-04-13 03:26:28,302 - INFO - 🔍 Starting enrichment for new sponsors...
2025-04-13 03:26:28,302 - INFO - ✅ Enriched 66 companies successfully.
2025-04-13 03:26:28,302 - INFO - 📧 Sending outreach emails...
2025-04-13 03:27:00,345 - INFO - 📨 Email sent to info@a&ntrimmingslimited.co.uk
2025-04-13 13:52:52,400 - INFO - Logger set up successfully!
2025-04-13 13:52:52,400 - INFO - 🏁 Pipeline started...
2025-04-13 13:52:52,400 - INFO - 📥 Downloading latest UK Gov CSV...
2025-04-13 13:52:52,401 - INFO - 🔍 Comparing CSVs to find new entries...
2025-04-13 13:52:54,940 - INFO - ⚙️ Enriching 66 new sponsor(s)...
2025-04-13 13:52:54,940 - INFO - 🔍 Starting enrichment for new sponsors...
2025-04-13 13:52:54,940 - INFO - ✅ Enriched 66 companies successfully.
2025-04-13 13:53:06,242 - INFO - 🔄 Syncing with Salesforce CRM...
